<?xml version="1.0" encoding="UTF-8"?>
<!-- Generated by org.testng.reporters.JUnitReportReporter -->
<testsuite hostname="DESKTOP-F4DEA52" failures="0" tests="4" name="testsPack.TestClass2" time="0.163" errors="0" timestamp="2022-05-21T15:56:24 IST" skipped="0">
  <testcase classname="testsPack.TestClass2" name="testA" time="0.129"/>
  <system-out/>
  <testcase classname="testsPack.TestClass2" name="testA" time="0.005"/>
  <system-out/>
  <testcase classname="testsPack.TestClass2" name="testB" time="0.015"/>
  <system-out/>
  <testcase classname="testsPack.TestClass2" name="testB" time="0.014"/>
  <system-out/>
</testsuite> <!-- testsPack.TestClass2 -->
